<?xml version="1.0" encoding="UTF-8"?>
<testsuite xmlns:xsi="http://www.w3.org/2001/XMLSchema-instance" xsi:noNamespaceSchemaLocation="https://maven.apache.org/surefire/maven-surefire-plugin/xsd/surefire-test-report-3.0.xsd" version="3.0" name="TestSuite" time="155.683" tests="11" errors="0" skipped="0" failures="0">
  <properties>
    <property name="java.specification.version" value="19"/>
    <property name="webdriver.chrome.driver" value="C:\Users\POOJA\.cache\selenium\chromedriver\win32\108.0.5359.71\chromedriver.exe"/>
    <property name="sun.cpu.isalist" value="amd64"/>
    <property name="sun.jnu.encoding" value="Cp1252"/>
    <property name="java.class.path" value="C:\Users\POOJA\eclipse-workspace\SampleProject\target\test-classes;C:\Users\POOJA\eclipse-workspace\SampleProject\target\classes;C:\Users\POOJA\.m2\repository\org\seleniumhq\selenium\selenium-java\4.7.2\selenium-java-4.7.2.jar;C:\Users\POOJA\.m2\repository\org\seleniumhq\selenium\selenium-api\4.7.2\selenium-api-4.7.2.jar;C:\Users\POOJA\.m2\repository\org\seleniumhq\selenium\selenium-chrome-driver\4.7.2\selenium-chrome-driver-4.7.2.jar;C:\Users\POOJA\.m2\repository\com\google\auto\service\auto-service-annotations\1.0.1\auto-service-annotations-1.0.1.jar;C:\Users\POOJA\.m2\repository\com\google\auto\service\auto-service\1.0.1\auto-service-1.0.1.jar;C:\Users\POOJA\.m2\repository\com\google\auto\auto-common\1.2\auto-common-1.2.jar;C:\Users\POOJA\.m2\repository\com\google\guava\guava\31.1-jre\guava-31.1-jre.jar;C:\Users\POOJA\.m2\repository\com\google\guava\failureaccess\1.0.1\failureaccess-1.0.1.jar;C:\Users\POOJA\.m2\repository\com\google\guava\listenablefuture\9999.0-empty-to-avoid-conflict-with-guava\listenablefuture-9999.0-empty-to-avoid-conflict-with-guava.jar;C:\Users\POOJA\.m2\repository\com\google\code\findbugs\jsr305\3.0.2\jsr305-3.0.2.jar;C:\Users\POOJA\.m2\repository\org\checkerframework\checker-qual\3.12.0\checker-qual-3.12.0.jar;C:\Users\POOJA\.m2\repository\com\google\errorprone\error_prone_annotations\2.11.0\error_prone_annotations-2.11.0.jar;C:\Users\POOJA\.m2\repository\com\google\j2objc\j2objc-annotations\1.3\j2objc-annotations-1.3.jar;C:\Users\POOJA\.m2\repository\org\seleniumhq\selenium\selenium-chromium-driver\4.7.2\selenium-chromium-driver-4.7.2.jar;C:\Users\POOJA\.m2\repository\org\seleniumhq\selenium\selenium-json\4.7.2\selenium-json-4.7.2.jar;C:\Users\POOJA\.m2\repository\org\seleniumhq\selenium\selenium-devtools-v106\4.7.2\selenium-devtools-v106-4.7.2.jar;C:\Users\POOJA\.m2\repository\org\seleniumhq\selenium\selenium-devtools-v107\4.7.2\selenium-devtools-v107-4.7.2.jar;C:\Users\POOJA\.m2\repository\org\seleniumhq\selenium\selenium-devtools-v108\4.7.2\selenium-devtools-v108-4.7.2.jar;C:\Users\POOJA\.m2\repository\org\seleniumhq\selenium\selenium-devtools-v85\4.7.2\selenium-devtools-v85-4.7.2.jar;C:\Users\POOJA\.m2\repository\org\seleniumhq\selenium\selenium-edge-driver\4.7.2\selenium-edge-driver-4.7.2.jar;C:\Users\POOJA\.m2\repository\org\seleniumhq\selenium\selenium-firefox-driver\4.7.2\selenium-firefox-driver-4.7.2.jar;C:\Users\POOJA\.m2\repository\org\seleniumhq\selenium\selenium-http\4.7.2\selenium-http-4.7.2.jar;C:\Users\POOJA\.m2\repository\dev\failsafe\failsafe\3.3.0\failsafe-3.3.0.jar;C:\Users\POOJA\.m2\repository\org\seleniumhq\selenium\selenium-ie-driver\4.7.2\selenium-ie-driver-4.7.2.jar;C:\Users\POOJA\.m2\repository\org\seleniumhq\selenium\selenium-remote-driver\4.7.2\selenium-remote-driver-4.7.2.jar;C:\Users\POOJA\.m2\repository\io\netty\netty-buffer\4.1.84.Final\netty-buffer-4.1.84.Final.jar;C:\Users\POOJA\.m2\repository\io\netty\netty-codec-http\4.1.84.Final\netty-codec-http-4.1.84.Final.jar;C:\Users\POOJA\.m2\repository\io\netty\netty-codec\4.1.84.Final\netty-codec-4.1.84.Final.jar;C:\Users\POOJA\.m2\repository\io\netty\netty-handler\4.1.84.Final\netty-handler-4.1.84.Final.jar;C:\Users\POOJA\.m2\repository\io\netty\netty-common\4.1.84.Final\netty-common-4.1.84.Final.jar;C:\Users\POOJA\.m2\repository\io\netty\netty-transport-classes-epoll\4.1.84.Final\netty-transport-classes-epoll-4.1.84.Final.jar;C:\Users\POOJA\.m2\repository\io\netty\netty-transport-classes-kqueue\4.1.84.Final\netty-transport-classes-kqueue-4.1.84.Final.jar;C:\Users\POOJA\.m2\repository\io\netty\netty-transport-native-epoll\4.1.84.Final\netty-transport-native-epoll-4.1.84.Final.jar;C:\Users\POOJA\.m2\repository\io\netty\netty-transport-native-kqueue\4.1.84.Final\netty-transport-native-kqueue-4.1.84.Final.jar;C:\Users\POOJA\.m2\repository\io\netty\netty-transport-native-unix-common\4.1.84.Final\netty-transport-native-unix-common-4.1.84.Final.jar;C:\Users\POOJA\.m2\repository\io\netty\netty-transport\4.1.84.Final\netty-transport-4.1.84.Final.jar;C:\Users\POOJA\.m2\repository\io\netty\netty-resolver\4.1.84.Final\netty-resolver-4.1.84.Final.jar;C:\Users\POOJA\.m2\repository\io\opentelemetry\opentelemetry-api\1.19.0\opentelemetry-api-1.19.0.jar;C:\Users\POOJA\.m2\repository\io\opentelemetry\opentelemetry-context\1.19.0\opentelemetry-context-1.19.0.jar;C:\Users\POOJA\.m2\repository\io\opentelemetry\opentelemetry-exporter-logging\1.19.0\opentelemetry-exporter-logging-1.19.0.jar;C:\Users\POOJA\.m2\repository\io\opentelemetry\opentelemetry-sdk-metrics\1.19.0\opentelemetry-sdk-metrics-1.19.0.jar;C:\Users\POOJA\.m2\repository\io\opentelemetry\opentelemetry-sdk-logs\1.19.0-alpha\opentelemetry-sdk-logs-1.19.0-alpha.jar;C:\Users\POOJA\.m2\repository\io\opentelemetry\opentelemetry-api-logs\1.19.0-alpha\opentelemetry-api-logs-1.19.0-alpha.jar;C:\Users\POOJA\.m2\repository\io\opentelemetry\opentelemetry-sdk-common\1.19.0\opentelemetry-sdk-common-1.19.0.jar;C:\Users\POOJA\.m2\repository\io\opentelemetry\opentelemetry-sdk-extension-autoconfigure-spi\1.19.0\opentelemetry-sdk-extension-autoconfigure-spi-1.19.0.jar;C:\Users\POOJA\.m2\repository\io\opentelemetry\opentelemetry-sdk-extension-autoconfigure\1.19.0-alpha\opentelemetry-sdk-extension-autoconfigure-1.19.0-alpha.jar;C:\Users\POOJA\.m2\repository\io\opentelemetry\opentelemetry-exporter-common\1.19.0\opentelemetry-exporter-common-1.19.0.jar;C:\Users\POOJA\.m2\repository\io\opentelemetry\opentelemetry-sdk-trace\1.19.0\opentelemetry-sdk-trace-1.19.0.jar;C:\Users\POOJA\.m2\repository\io\opentelemetry\opentelemetry-sdk\1.19.0\opentelemetry-sdk-1.19.0.jar;C:\Users\POOJA\.m2\repository\io\opentelemetry\opentelemetry-semconv\1.19.0-alpha\opentelemetry-semconv-1.19.0-alpha.jar;C:\Users\POOJA\.m2\repository\io\ous\jtoml\2.0.0\jtoml-2.0.0.jar;C:\Users\POOJA\.m2\repository\net\bytebuddy\byte-buddy\1.12.18\byte-buddy-1.12.18.jar;C:\Users\POOJA\.m2\repository\org\apache\commons\commons-exec\1.3\commons-exec-1.3.jar;C:\Users\POOJA\.m2\repository\org\asynchttpclient\async-http-client\2.12.3\async-http-client-2.12.3.jar;C:\Users\POOJA\.m2\repository\org\asynchttpclient\async-http-client-netty-utils\2.12.3\async-http-client-netty-utils-2.12.3.jar;C:\Users\POOJA\.m2\repository\io\netty\netty-codec-socks\4.1.60.Final\netty-codec-socks-4.1.60.Final.jar;C:\Users\POOJA\.m2\repository\io\netty\netty-handler-proxy\4.1.60.Final\netty-handler-proxy-4.1.60.Final.jar;C:\Users\POOJA\.m2\repository\io\netty\netty-transport-native-epoll\4.1.60.Final\netty-transport-native-epoll-4.1.60.Final-linux-x86_64.jar;C:\Users\POOJA\.m2\repository\io\netty\netty-transport-native-kqueue\4.1.60.Final\netty-transport-native-kqueue-4.1.60.Final-osx-x86_64.jar;C:\Users\POOJA\.m2\repository\org\reactivestreams\reactive-streams\1.0.3\reactive-streams-1.0.3.jar;C:\Users\POOJA\.m2\repository\com\typesafe\netty\netty-reactive-streams\2.0.4\netty-reactive-streams-2.0.4.jar;C:\Users\POOJA\.m2\repository\com\sun\activation\jakarta.activation\1.2.2\jakarta.activation-1.2.2.jar;C:\Users\POOJA\.m2\repository\org\seleniumhq\selenium\selenium-manager\4.7.2\selenium-manager-4.7.2.jar;C:\Users\POOJA\.m2\repository\org\seleniumhq\selenium\selenium-safari-driver\4.7.2\selenium-safari-driver-4.7.2.jar;C:\Users\POOJA\.m2\repository\org\seleniumhq\selenium\selenium-support\4.7.2\selenium-support-4.7.2.jar;C:\Users\POOJA\.m2\repository\org\testng\testng\7.4.0\testng-7.4.0.jar;C:\Users\POOJA\.m2\repository\com\beust\jcommander\1.78\jcommander-1.78.jar;C:\Users\POOJA\.m2\repository\org\webjars\jquery\3.5.1\jquery-3.5.1.jar;C:\Users\POOJA\.m2\repository\io\github\bonigarcia\webdrivermanager\4.4.3\webdrivermanager-4.4.3.jar;C:\Users\POOJA\.m2\repository\org\slf4j\slf4j-api\1.7.30\slf4j-api-1.7.30.jar;C:\Users\POOJA\.m2\repository\commons-io\commons-io\2.8.0\commons-io-2.8.0.jar;C:\Users\POOJA\.m2\repository\com\google\code\gson\gson\2.8.6\gson-2.8.6.jar;C:\Users\POOJA\.m2\repository\org\apache\commons\commons-lang3\3.12.0\commons-lang3-3.12.0.jar;C:\Users\POOJA\.m2\repository\org\apache\httpcomponents\client5\httpclient5\5.0.3\httpclient5-5.0.3.jar;C:\Users\POOJA\.m2\repository\org\apache\httpcomponents\core5\httpcore5\5.0.2\httpcore5-5.0.2.jar;C:\Users\POOJA\.m2\repository\org\apache\httpcomponents\core5\httpcore5-h2\5.0.2\httpcore5-h2-5.0.2.jar;C:\Users\POOJA\.m2\repository\org\rauschig\jarchivelib\1.1.0\jarchivelib-1.1.0.jar;C:\Users\POOJA\.m2\repository\org\jsoup\jsoup\1.13.1\jsoup-1.13.1.jar;C:\Users\POOJA\.m2\repository\org\apache\poi\poi\5.2.3\poi-5.2.3.jar;C:\Users\POOJA\.m2\repository\commons-codec\commons-codec\1.15\commons-codec-1.15.jar;C:\Users\POOJA\.m2\repository\org\apache\commons\commons-collections4\4.4\commons-collections4-4.4.jar;C:\Users\POOJA\.m2\repository\org\apache\commons\commons-math3\3.6.1\commons-math3-3.6.1.jar;C:\Users\POOJA\.m2\repository\com\zaxxer\SparseBitSet\1.2\SparseBitSet-1.2.jar;C:\Users\POOJA\.m2\repository\org\apache\logging\log4j\log4j-api\2.18.0\log4j-api-2.18.0.jar;C:\Users\POOJA\.m2\repository\org\apache\poi\poi-ooxml\5.2.3\poi-ooxml-5.2.3.jar;C:\Users\POOJA\.m2\repository\org\apache\poi\poi-ooxml-lite\5.2.3\poi-ooxml-lite-5.2.3.jar;C:\Users\POOJA\.m2\repository\org\apache\xmlbeans\xmlbeans\5.1.1\xmlbeans-5.1.1.jar;C:\Users\POOJA\.m2\repository\org\apache\commons\commons-compress\1.21\commons-compress-1.21.jar;C:\Users\POOJA\.m2\repository\com\github\virtuald\curvesapi\1.07\curvesapi-1.07.jar;C:\Users\POOJA\.m2\repository\org\apache\poi\poi-ooxml-schemas\4.1.2\poi-ooxml-schemas-4.1.2.jar;C:\Users\POOJA\.m2\repository\org\apache\poi\poi-scratchpad\5.2.3\poi-scratchpad-5.2.3.jar;C:\Users\POOJA\.m2\repository\org\apache\maven\plugins\maven-surefire-plugin\3.0.0-M7\maven-surefire-plugin-3.0.0-M7.jar;C:\Users\POOJA\.m2\repository\org\apache\maven\surefire\maven-surefire-common\3.0.0-M7\maven-surefire-common-3.0.0-M7.jar;C:\Users\POOJA\.m2\repository\org\apache\maven\surefire\surefire-api\3.0.0-M7\surefire-api-3.0.0-M7.jar;C:\Users\POOJA\.m2\repository\org\apache\maven\surefire\surefire-logger-api\3.0.0-M7\surefire-logger-api-3.0.0-M7.jar;C:\Users\POOJA\.m2\repository\org\apache\maven\surefire\surefire-extensions-api\3.0.0-M7\surefire-extensions-api-3.0.0-M7.jar;C:\Users\POOJA\.m2\repository\org\apache\maven\surefire\surefire-booter\3.0.0-M7\surefire-booter-3.0.0-M7.jar;C:\Users\POOJA\.m2\repository\org\apache\maven\surefire\surefire-extensions-spi\3.0.0-M7\surefire-extensions-spi-3.0.0-M7.jar;C:\Users\POOJA\.m2\repository\org\apache\maven\shared\maven-common-artifact-filters\3.1.1\maven-common-artifact-filters-3.1.1.jar;C:\Users\POOJA\.m2\repository\org\apache\maven\maven-artifact\3.1.0\maven-artifact-3.1.0.jar;C:\Users\POOJA\.m2\repository\org\apache\maven\maven-core\3.1.0\maven-core-3.1.0.jar;C:\Users\POOJA\.m2\repository\org\apache\maven\maven-settings\3.1.0\maven-settings-3.1.0.jar;C:\Users\POOJA\.m2\repository\org\apache\maven\maven-settings-builder\3.1.0\maven-settings-builder-3.1.0.jar;C:\Users\POOJA\.m2\repository\org\apache\maven\maven-repository-metadata\3.1.0\maven-repository-metadata-3.1.0.jar;C:\Users\POOJA\.m2\repository\org\apache\maven\maven-model-builder\3.1.0\maven-model-builder-3.1.0.jar;C:\Users\POOJA\.m2\repository\org\apache\maven\maven-aether-provider\3.1.0\maven-aether-provider-3.1.0.jar;C:\Users\POOJA\.m2\repository\org\eclipse\aether\aether-spi\0.9.0.M2\aether-spi-0.9.0.M2.jar;C:\Users\POOJA\.m2\repository\org\eclipse\aether\aether-impl\0.9.0.M2\aether-impl-0.9.0.M2.jar;C:\Users\POOJA\.m2\repository\org\eclipse\aether\aether-api\0.9.0.M2\aether-api-0.9.0.M2.jar;C:\Users\POOJA\.m2\repository\org\eclipse\aether\aether-util\0.9.0.M2\aether-util-0.9.0.M2.jar;C:\Users\POOJA\.m2\repository\org\eclipse\sisu\org.eclipse.sisu.plexus\0.0.0.M2a\org.eclipse.sisu.plexus-0.0.0.M2a.jar;C:\Users\POOJA\.m2\repository\javax\enterprise\cdi-api\1.0\cdi-api-1.0.jar;C:\Users\POOJA\.m2\repository\javax\annotation\jsr250-api\1.0\jsr250-api-1.0.jar;C:\Users\POOJA\.m2\repository\javax\inject\javax.inject\1\javax.inject-1.jar;C:\Users\POOJA\.m2\repository\org\sonatype\sisu\sisu-guice\3.1.0\sisu-guice-3.1.0-no_aop.jar;C:\Users\POOJA\.m2\repository\aopalliance\aopalliance\1.0\aopalliance-1.0.jar;C:\Users\POOJA\.m2\repository\org\eclipse\sisu\org.eclipse.sisu.inject\0.0.0.M2a\org.eclipse.sisu.inject-0.0.0.M2a.jar;C:\Users\POOJA\.m2\repository\asm\asm\3.3.1\asm-3.3.1.jar;C:\Users\POOJA\.m2\repository\org\codehaus\plexus\plexus-interpolation\1.16\plexus-interpolation-1.16.jar;C:\Users\POOJA\.m2\repository\org\codehaus\plexus\plexus-classworlds\2.4.2\plexus-classworlds-2.4.2.jar;C:\Users\POOJA\.m2\repository\org\sonatype\plexus\plexus-sec-dispatcher\1.3\plexus-sec-dispatcher-1.3.jar;C:\Users\POOJA\.m2\repository\org\sonatype\plexus\plexus-cipher\1.4\plexus-cipher-1.4.jar;C:\Users\POOJA\.m2\repository\org\apache\maven\maven-plugin-api\3.1.0\maven-plugin-api-3.1.0.jar;C:\Users\POOJA\.m2\repository\org\apache\maven\surefire\surefire-shared-utils\3.0.0-M7\surefire-shared-utils-3.0.0-M7.jar;C:\Users\POOJA\.m2\repository\org\apache\maven\plugins\maven-compiler-plugin\3.10.1\maven-compiler-plugin-3.10.1.jar;C:\Users\POOJA\.m2\repository\org\apache\maven\shared\maven-shared-utils\3.3.4\maven-shared-utils-3.3.4.jar;C:\Users\POOJA\.m2\repository\org\apache\maven\shared\maven-shared-incremental\1.1\maven-shared-incremental-1.1.jar;C:\Users\POOJA\.m2\repository\org\codehaus\plexus\plexus-component-annotations\1.5.5\plexus-component-annotations-1.5.5.jar;C:\Users\POOJA\.m2\repository\org\codehaus\plexus\plexus-java\1.1.1\plexus-java-1.1.1.jar;C:\Users\POOJA\.m2\repository\org\ow2\asm\asm\9.2\asm-9.2.jar;C:\Users\POOJA\.m2\repository\com\thoughtworks\qdox\qdox\2.0.1\qdox-2.0.1.jar;C:\Users\POOJA\.m2\repository\org\codehaus\plexus\plexus-compiler-api\2.11.1\plexus-compiler-api-2.11.1.jar;C:\Users\POOJA\.m2\repository\org\codehaus\plexus\plexus-utils\3.4.1\plexus-utils-3.4.1.jar;C:\Users\POOJA\.m2\repository\org\codehaus\plexus\plexus-compiler-manager\2.11.1\plexus-compiler-manager-2.11.1.jar;C:\Users\POOJA\.m2\repository\org\codehaus\plexus\plexus-compiler-javac\2.11.1\plexus-compiler-javac-2.11.1.jar;"/>
    <property name="java.vm.vendor" value="Oracle Corporation"/>
    <property name="sun.arch.data.model" value="64"/>
    <property name="user.variant" value=""/>
    <property name="java.vendor.url" value="https://java.oracle.com/"/>
    <property name="user.timezone" value="Asia/Calcutta"/>
    <property name="os.name" value="Windows 11"/>
    <property name="java.vm.specification.version" value="19"/>
    <property name="sun.java.launcher" value="SUN_STANDARD"/>
    <property name="user.country" value="IN"/>
    <property name="sun.boot.library.path" value="C:\Program Files\Java\jdk-19.0.1\bin"/>
    <property name="sun.java.command" value="C:\Users\POOJA\AppData\Local\Temp\surefire4290704812764782279\surefirebooter-20221219192524660_3.jar C:\Users\POOJA\AppData\Local\Temp\surefire4290704812764782279 2022-12-19T19-25-12_418-jvmRun1 surefire-20221219192524660_1tmp surefire_0-20221219192524660_2tmp"/>
    <property name="jdk.debug" value="release"/>
    <property name="surefire.test.class.path" value="C:\Users\POOJA\eclipse-workspace\SampleProject\target\test-classes;C:\Users\POOJA\eclipse-workspace\SampleProject\target\classes;C:\Users\POOJA\.m2\repository\org\seleniumhq\selenium\selenium-java\4.7.2\selenium-java-4.7.2.jar;C:\Users\POOJA\.m2\repository\org\seleniumhq\selenium\selenium-api\4.7.2\selenium-api-4.7.2.jar;C:\Users\POOJA\.m2\repository\org\seleniumhq\selenium\selenium-chrome-driver\4.7.2\selenium-chrome-driver-4.7.2.jar;C:\Users\POOJA\.m2\repository\com\google\auto\service\auto-service-annotations\1.0.1\auto-service-annotations-1.0.1.jar;C:\Users\POOJA\.m2\repository\com\google\auto\service\auto-service\1.0.1\auto-service-1.0.1.jar;C:\Users\POOJA\.m2\repository\com\google\auto\auto-common\1.2\auto-common-1.2.jar;C:\Users\POOJA\.m2\repository\com\google\guava\guava\31.1-jre\guava-31.1-jre.jar;C:\Users\POOJA\.m2\repository\com\google\guava\failureaccess\1.0.1\failureaccess-1.0.1.jar;C:\Users\POOJA\.m2\repository\com\google\guava\listenablefuture\9999.0-empty-to-avoid-conflict-with-guava\listenablefuture-9999.0-empty-to-avoid-conflict-with-guava.jar;C:\Users\POOJA\.m2\repository\com\google\code\findbugs\jsr305\3.0.2\jsr305-3.0.2.jar;C:\Users\POOJA\.m2\repository\org\checkerframework\checker-qual\3.12.0\checker-qual-3.12.0.jar;C:\Users\POOJA\.m2\repository\com\google\errorprone\error_prone_annotations\2.11.0\error_prone_annotations-2.11.0.jar;C:\Users\POOJA\.m2\repository\com\google\j2objc\j2objc-annotations\1.3\j2objc-annotations-1.3.jar;C:\Users\POOJA\.m2\repository\org\seleniumhq\selenium\selenium-chromium-driver\4.7.2\selenium-chromium-driver-4.7.2.jar;C:\Users\POOJA\.m2\repository\org\seleniumhq\selenium\selenium-json\4.7.2\selenium-json-4.7.2.jar;C:\Users\POOJA\.m2\repository\org\seleniumhq\selenium\selenium-devtools-v106\4.7.2\selenium-devtools-v106-4.7.2.jar;C:\Users\POOJA\.m2\repository\org\seleniumhq\selenium\selenium-devtools-v107\4.7.2\selenium-devtools-v107-4.7.2.jar;C:\Users\POOJA\.m2\repository\org\seleniumhq\selenium\selenium-devtools-v108\4.7.2\selenium-devtools-v108-4.7.2.jar;C:\Users\POOJA\.m2\repository\org\seleniumhq\selenium\selenium-devtools-v85\4.7.2\selenium-devtools-v85-4.7.2.jar;C:\Users\POOJA\.m2\repository\org\seleniumhq\selenium\selenium-edge-driver\4.7.2\selenium-edge-driver-4.7.2.jar;C:\Users\POOJA\.m2\repository\org\seleniumhq\selenium\selenium-firefox-driver\4.7.2\selenium-firefox-driver-4.7.2.jar;C:\Users\POOJA\.m2\repository\org\seleniumhq\selenium\selenium-http\4.7.2\selenium-http-4.7.2.jar;C:\Users\POOJA\.m2\repository\dev\failsafe\failsafe\3.3.0\failsafe-3.3.0.jar;C:\Users\POOJA\.m2\repository\org\seleniumhq\selenium\selenium-ie-driver\4.7.2\selenium-ie-driver-4.7.2.jar;C:\Users\POOJA\.m2\repository\org\seleniumhq\selenium\selenium-remote-driver\4.7.2\selenium-remote-driver-4.7.2.jar;C:\Users\POOJA\.m2\repository\io\netty\netty-buffer\4.1.84.Final\netty-buffer-4.1.84.Final.jar;C:\Users\POOJA\.m2\repository\io\netty\netty-codec-http\4.1.84.Final\netty-codec-http-4.1.84.Final.jar;C:\Users\POOJA\.m2\repository\io\netty\netty-codec\4.1.84.Final\netty-codec-4.1.84.Final.jar;C:\Users\POOJA\.m2\repository\io\netty\netty-handler\4.1.84.Final\netty-handler-4.1.84.Final.jar;C:\Users\POOJA\.m2\repository\io\netty\netty-common\4.1.84.Final\netty-common-4.1.84.Final.jar;C:\Users\POOJA\.m2\repository\io\netty\netty-transport-classes-epoll\4.1.84.Final\netty-transport-classes-epoll-4.1.84.Final.jar;C:\Users\POOJA\.m2\repository\io\netty\netty-transport-classes-kqueue\4.1.84.Final\netty-transport-classes-kqueue-4.1.84.Final.jar;C:\Users\POOJA\.m2\repository\io\netty\netty-transport-native-epoll\4.1.84.Final\netty-transport-native-epoll-4.1.84.Final.jar;C:\Users\POOJA\.m2\repository\io\netty\netty-transport-native-kqueue\4.1.84.Final\netty-transport-native-kqueue-4.1.84.Final.jar;C:\Users\POOJA\.m2\repository\io\netty\netty-transport-native-unix-common\4.1.84.Final\netty-transport-native-unix-common-4.1.84.Final.jar;C:\Users\POOJA\.m2\repository\io\netty\netty-transport\4.1.84.Final\netty-transport-4.1.84.Final.jar;C:\Users\POOJA\.m2\repository\io\netty\netty-resolver\4.1.84.Final\netty-resolver-4.1.84.Final.jar;C:\Users\POOJA\.m2\repository\io\opentelemetry\opentelemetry-api\1.19.0\opentelemetry-api-1.19.0.jar;C:\Users\POOJA\.m2\repository\io\opentelemetry\opentelemetry-context\1.19.0\opentelemetry-context-1.19.0.jar;C:\Users\POOJA\.m2\repository\io\opentelemetry\opentelemetry-exporter-logging\1.19.0\opentelemetry-exporter-logging-1.19.0.jar;C:\Users\POOJA\.m2\repository\io\opentelemetry\opentelemetry-sdk-metrics\1.19.0\opentelemetry-sdk-metrics-1.19.0.jar;C:\Users\POOJA\.m2\repository\io\opentelemetry\opentelemetry-sdk-logs\1.19.0-alpha\opentelemetry-sdk-logs-1.19.0-alpha.jar;C:\Users\POOJA\.m2\repository\io\opentelemetry\opentelemetry-api-logs\1.19.0-alpha\opentelemetry-api-logs-1.19.0-alpha.jar;C:\Users\POOJA\.m2\repository\io\opentelemetry\opentelemetry-sdk-common\1.19.0\opentelemetry-sdk-common-1.19.0.jar;C:\Users\POOJA\.m2\repository\io\opentelemetry\opentelemetry-sdk-extension-autoconfigure-spi\1.19.0\opentelemetry-sdk-extension-autoconfigure-spi-1.19.0.jar;C:\Users\POOJA\.m2\repository\io\opentelemetry\opentelemetry-sdk-extension-autoconfigure\1.19.0-alpha\opentelemetry-sdk-extension-autoconfigure-1.19.0-alpha.jar;C:\Users\POOJA\.m2\repository\io\opentelemetry\opentelemetry-exporter-common\1.19.0\opentelemetry-exporter-common-1.19.0.jar;C:\Users\POOJA\.m2\repository\io\opentelemetry\opentelemetry-sdk-trace\1.19.0\opentelemetry-sdk-trace-1.19.0.jar;C:\Users\POOJA\.m2\repository\io\opentelemetry\opentelemetry-sdk\1.19.0\opentelemetry-sdk-1.19.0.jar;C:\Users\POOJA\.m2\repository\io\opentelemetry\opentelemetry-semconv\1.19.0-alpha\opentelemetry-semconv-1.19.0-alpha.jar;C:\Users\POOJA\.m2\repository\io\ous\jtoml\2.0.0\jtoml-2.0.0.jar;C:\Users\POOJA\.m2\repository\net\bytebuddy\byte-buddy\1.12.18\byte-buddy-1.12.18.jar;C:\Users\POOJA\.m2\repository\org\apache\commons\commons-exec\1.3\commons-exec-1.3.jar;C:\Users\POOJA\.m2\repository\org\asynchttpclient\async-http-client\2.12.3\async-http-client-2.12.3.jar;C:\Users\POOJA\.m2\repository\org\asynchttpclient\async-http-client-netty-utils\2.12.3\async-http-client-netty-utils-2.12.3.jar;C:\Users\POOJA\.m2\repository\io\netty\netty-codec-socks\4.1.60.Final\netty-codec-socks-4.1.60.Final.jar;C:\Users\POOJA\.m2\repository\io\netty\netty-handler-proxy\4.1.60.Final\netty-handler-proxy-4.1.60.Final.jar;C:\Users\POOJA\.m2\repository\io\netty\netty-transport-native-epoll\4.1.60.Final\netty-transport-native-epoll-4.1.60.Final-linux-x86_64.jar;C:\Users\POOJA\.m2\repository\io\netty\netty-transport-native-kqueue\4.1.60.Final\netty-transport-native-kqueue-4.1.60.Final-osx-x86_64.jar;C:\Users\POOJA\.m2\repository\org\reactivestreams\reactive-streams\1.0.3\reactive-streams-1.0.3.jar;C:\Users\POOJA\.m2\repository\com\typesafe\netty\netty-reactive-streams\2.0.4\netty-reactive-streams-2.0.4.jar;C:\Users\POOJA\.m2\repository\com\sun\activation\jakarta.activation\1.2.2\jakarta.activation-1.2.2.jar;C:\Users\POOJA\.m2\repository\org\seleniumhq\selenium\selenium-manager\4.7.2\selenium-manager-4.7.2.jar;C:\Users\POOJA\.m2\repository\org\seleniumhq\selenium\selenium-safari-driver\4.7.2\selenium-safari-driver-4.7.2.jar;C:\Users\POOJA\.m2\repository\org\seleniumhq\selenium\selenium-support\4.7.2\selenium-support-4.7.2.jar;C:\Users\POOJA\.m2\repository\org\testng\testng\7.4.0\testng-7.4.0.jar;C:\Users\POOJA\.m2\repository\com\beust\jcommander\1.78\jcommander-1.78.jar;C:\Users\POOJA\.m2\repository\org\webjars\jquery\3.5.1\jquery-3.5.1.jar;C:\Users\POOJA\.m2\repository\io\github\bonigarcia\webdrivermanager\4.4.3\webdrivermanager-4.4.3.jar;C:\Users\POOJA\.m2\repository\org\slf4j\slf4j-api\1.7.30\slf4j-api-1.7.30.jar;C:\Users\POOJA\.m2\repository\commons-io\commons-io\2.8.0\commons-io-2.8.0.jar;C:\Users\POOJA\.m2\repository\com\google\code\gson\gson\2.8.6\gson-2.8.6.jar;C:\Users\POOJA\.m2\repository\org\apache\commons\commons-lang3\3.12.0\commons-lang3-3.12.0.jar;C:\Users\POOJA\.m2\repository\org\apache\httpcomponents\client5\httpclient5\5.0.3\httpclient5-5.0.3.jar;C:\Users\POOJA\.m2\repository\org\apache\httpcomponents\core5\httpcore5\5.0.2\httpcore5-5.0.2.jar;C:\Users\POOJA\.m2\repository\org\apache\httpcomponents\core5\httpcore5-h2\5.0.2\httpcore5-h2-5.0.2.jar;C:\Users\POOJA\.m2\repository\org\rauschig\jarchivelib\1.1.0\jarchivelib-1.1.0.jar;C:\Users\POOJA\.m2\repository\org\jsoup\jsoup\1.13.1\jsoup-1.13.1.jar;C:\Users\POOJA\.m2\repository\org\apache\poi\poi\5.2.3\poi-5.2.3.jar;C:\Users\POOJA\.m2\repository\commons-codec\commons-codec\1.15\commons-codec-1.15.jar;C:\Users\POOJA\.m2\repository\org\apache\commons\commons-collections4\4.4\commons-collections4-4.4.jar;C:\Users\POOJA\.m2\repository\org\apache\commons\commons-math3\3.6.1\commons-math3-3.6.1.jar;C:\Users\POOJA\.m2\repository\com\zaxxer\SparseBitSet\1.2\SparseBitSet-1.2.jar;C:\Users\POOJA\.m2\repository\org\apache\logging\log4j\log4j-api\2.18.0\log4j-api-2.18.0.jar;C:\Users\POOJA\.m2\repository\org\apache\poi\poi-ooxml\5.2.3\poi-ooxml-5.2.3.jar;C:\Users\POOJA\.m2\repository\org\apache\poi\poi-ooxml-lite\5.2.3\poi-ooxml-lite-5.2.3.jar;C:\Users\POOJA\.m2\repository\org\apache\xmlbeans\xmlbeans\5.1.1\xmlbeans-5.1.1.jar;C:\Users\POOJA\.m2\repository\org\apache\commons\commons-compress\1.21\commons-compress-1.21.jar;C:\Users\POOJA\.m2\repository\com\github\virtuald\curvesapi\1.07\curvesapi-1.07.jar;C:\Users\POOJA\.m2\repository\org\apache\poi\poi-ooxml-schemas\4.1.2\poi-ooxml-schemas-4.1.2.jar;C:\Users\POOJA\.m2\repository\org\apache\poi\poi-scratchpad\5.2.3\poi-scratchpad-5.2.3.jar;C:\Users\POOJA\.m2\repository\org\apache\maven\plugins\maven-surefire-plugin\3.0.0-M7\maven-surefire-plugin-3.0.0-M7.jar;C:\Users\POOJA\.m2\repository\org\apache\maven\surefire\maven-surefire-common\3.0.0-M7\maven-surefire-common-3.0.0-M7.jar;C:\Users\POOJA\.m2\repository\org\apache\maven\surefire\surefire-api\3.0.0-M7\surefire-api-3.0.0-M7.jar;C:\Users\POOJA\.m2\repository\org\apache\maven\surefire\surefire-logger-api\3.0.0-M7\surefire-logger-api-3.0.0-M7.jar;C:\Users\POOJA\.m2\repository\org\apache\maven\surefire\surefire-extensions-api\3.0.0-M7\surefire-extensions-api-3.0.0-M7.jar;C:\Users\POOJA\.m2\repository\org\apache\maven\surefire\surefire-booter\3.0.0-M7\surefire-booter-3.0.0-M7.jar;C:\Users\POOJA\.m2\repository\org\apache\maven\surefire\surefire-extensions-spi\3.0.0-M7\surefire-extensions-spi-3.0.0-M7.jar;C:\Users\POOJA\.m2\repository\org\apache\maven\shared\maven-common-artifact-filters\3.1.1\maven-common-artifact-filters-3.1.1.jar;C:\Users\POOJA\.m2\repository\org\apache\maven\maven-artifact\3.1.0\maven-artifact-3.1.0.jar;C:\Users\POOJA\.m2\repository\org\apache\maven\maven-core\3.1.0\maven-core-3.1.0.jar;C:\Users\POOJA\.m2\repository\org\apache\maven\maven-settings\3.1.0\maven-settings-3.1.0.jar;C:\Users\POOJA\.m2\repository\org\apache\maven\maven-settings-builder\3.1.0\maven-settings-builder-3.1.0.jar;C:\Users\POOJA\.m2\repository\org\apache\maven\maven-repository-metadata\3.1.0\maven-repository-metadata-3.1.0.jar;C:\Users\POOJA\.m2\repository\org\apache\maven\maven-model-builder\3.1.0\maven-model-builder-3.1.0.jar;C:\Users\POOJA\.m2\repository\org\apache\maven\maven-aether-provider\3.1.0\maven-aether-provider-3.1.0.jar;C:\Users\POOJA\.m2\repository\org\eclipse\aether\aether-spi\0.9.0.M2\aether-spi-0.9.0.M2.jar;C:\Users\POOJA\.m2\repository\org\eclipse\aether\aether-impl\0.9.0.M2\aether-impl-0.9.0.M2.jar;C:\Users\POOJA\.m2\repository\org\eclipse\aether\aether-api\0.9.0.M2\aether-api-0.9.0.M2.jar;C:\Users\POOJA\.m2\repository\org\eclipse\aether\aether-util\0.9.0.M2\aether-util-0.9.0.M2.jar;C:\Users\POOJA\.m2\repository\org\eclipse\sisu\org.eclipse.sisu.plexus\0.0.0.M2a\org.eclipse.sisu.plexus-0.0.0.M2a.jar;C:\Users\POOJA\.m2\repository\javax\enterprise\cdi-api\1.0\cdi-api-1.0.jar;C:\Users\POOJA\.m2\repository\javax\annotation\jsr250-api\1.0\jsr250-api-1.0.jar;C:\Users\POOJA\.m2\repository\javax\inject\javax.inject\1\javax.inject-1.jar;C:\Users\POOJA\.m2\repository\org\sonatype\sisu\sisu-guice\3.1.0\sisu-guice-3.1.0-no_aop.jar;C:\Users\POOJA\.m2\repository\aopalliance\aopalliance\1.0\aopalliance-1.0.jar;C:\Users\POOJA\.m2\repository\org\eclipse\sisu\org.eclipse.sisu.inject\0.0.0.M2a\org.eclipse.sisu.inject-0.0.0.M2a.jar;C:\Users\POOJA\.m2\repository\asm\asm\3.3.1\asm-3.3.1.jar;C:\Users\POOJA\.m2\repository\org\codehaus\plexus\plexus-interpolation\1.16\plexus-interpolation-1.16.jar;C:\Users\POOJA\.m2\repository\org\codehaus\plexus\plexus-classworlds\2.4.2\plexus-classworlds-2.4.2.jar;C:\Users\POOJA\.m2\repository\org\sonatype\plexus\plexus-sec-dispatcher\1.3\plexus-sec-dispatcher-1.3.jar;C:\Users\POOJA\.m2\repository\org\sonatype\plexus\plexus-cipher\1.4\plexus-cipher-1.4.jar;C:\Users\POOJA\.m2\repository\org\apache\maven\maven-plugin-api\3.1.0\maven-plugin-api-3.1.0.jar;C:\Users\POOJA\.m2\repository\org\apache\maven\surefire\surefire-shared-utils\3.0.0-M7\surefire-shared-utils-3.0.0-M7.jar;C:\Users\POOJA\.m2\repository\org\apache\maven\plugins\maven-compiler-plugin\3.10.1\maven-compiler-plugin-3.10.1.jar;C:\Users\POOJA\.m2\repository\org\apache\maven\shared\maven-shared-utils\3.3.4\maven-shared-utils-3.3.4.jar;C:\Users\POOJA\.m2\repository\org\apache\maven\shared\maven-shared-incremental\1.1\maven-shared-incremental-1.1.jar;C:\Users\POOJA\.m2\repository\org\codehaus\plexus\plexus-component-annotations\1.5.5\plexus-component-annotations-1.5.5.jar;C:\Users\POOJA\.m2\repository\org\codehaus\plexus\plexus-java\1.1.1\plexus-java-1.1.1.jar;C:\Users\POOJA\.m2\repository\org\ow2\asm\asm\9.2\asm-9.2.jar;C:\Users\POOJA\.m2\repository\com\thoughtworks\qdox\qdox\2.0.1\qdox-2.0.1.jar;C:\Users\POOJA\.m2\repository\org\codehaus\plexus\plexus-compiler-api\2.11.1\plexus-compiler-api-2.11.1.jar;C:\Users\POOJA\.m2\repository\org\codehaus\plexus\plexus-utils\3.4.1\plexus-utils-3.4.1.jar;C:\Users\POOJA\.m2\repository\org\codehaus\plexus\plexus-compiler-manager\2.11.1\plexus-compiler-manager-2.11.1.jar;C:\Users\POOJA\.m2\repository\org\codehaus\plexus\plexus-compiler-javac\2.11.1\plexus-compiler-javac-2.11.1.jar;"/>
    <property name="sun.cpu.endian" value="little"/>
    <property name="user.home" value="C:\Users\POOJA"/>
    <property name="user.language" value="en"/>
    <property name="java.specification.vendor" value="Oracle Corporation"/>
    <property name="java.version.date" value="2022-10-18"/>
    <property name="java.home" value="C:\Program Files\Java\jdk-19.0.1"/>
    <property name="file.separator" value="\"/>
    <property name="basedir" value="C:\Users\POOJA\eclipse-workspace\SampleProject"/>
    <property name="java.vm.compressedOopsMode" value="32-bit"/>
    <property name="line.separator" value="&#10;"/>
    <property name="java.vm.specification.vendor" value="Oracle Corporation"/>
    <property name="java.specification.name" value="Java Platform API Specification"/>
    <property name="surefire.real.class.path" value="C:\Users\POOJA\AppData\Local\Temp\surefire4290704812764782279\surefirebooter-20221219192524660_3.jar"/>
    <property name="user.script" value=""/>
    <property name="sun.management.compiler" value="HotSpot 64-Bit Tiered Compilers"/>
    <property name="java.runtime.version" value="19.0.1+10-21"/>
    <property name="user.name" value="POOJA"/>
    <property name="stdout.encoding" value="Cp1252"/>
    <property name="path.separator" value=";"/>
    <property name="os.version" value="10.0"/>
    <property name="java.runtime.name" value="Java(TM) SE Runtime Environment"/>
    <property name="file.encoding" value="UTF-8"/>
    <property name="java.vm.name" value="Java HotSpot(TM) 64-Bit Server VM"/>
    <property name="localRepository" value="C:\Users\POOJA\.m2\repository"/>
    <property name="java.vendor.url.bug" value="https://bugreport.java.com/bugreport/"/>
    <property name="java.io.tmpdir" value="C:\Users\POOJA\AppData\Local\Temp\"/>
    <property name="java.version" value="19.0.1"/>
    <property name="user.dir" value="C:\Users\POOJA\eclipse-workspace\SampleProject"/>
    <property name="os.arch" value="amd64"/>
    <property name="java.vm.specification.name" value="Java Virtual Machine Specification"/>
    <property name="sun.os.patch.level" value=""/>
    <property name="native.encoding" value="Cp1252"/>
    <property name="java.library.path" value="C:\Program Files\Java\jdk-19.0.1\bin;C:\WINDOWS\Sun\Java\bin;C:\WINDOWS\system32;C:\WINDOWS;C:/Users/POOJA/.p2/pool/plugins/org.eclipse.justj.openjdk.hotspot.jre.full.win32.x86_64_18.0.1.v20220515-1614/jre/bin/server;C:/Users/POOJA/.p2/pool/plugins/org.eclipse.justj.openjdk.hotspot.jre.full.win32.x86_64_18.0.1.v20220515-1614/jre/bin;C:\Program Files (x86)\Common Files\Oracle\Java\javapath;C:\Program Files\Common Files\Oracle\Java\javapath;C:\WINDOWS\system32;C:\WINDOWS;C:\WINDOWS\System32\Wbem;C:\WINDOWS\System32\WindowsPowerShell\v1.0\;C:\WINDOWS\System32\OpenSSH\;C:\Program Files\Microsoft SQL Server\Client SDK\ODBC\170\Tools\Binn\;C:\Program Files (x86)\Microsoft SQL Server\150\Tools\Binn\;C:\Program Files\Microsoft SQL Server\150\Tools\Binn\;C:\Program Files\Microsoft SQL Server\150\DTS\Binn\;C:\Program Files\Microsoft SQL Server\130\Tools\Binn\;C:\Android;C:\Windows\System32;C:\Program Files\Docker\Docker\resources\bin;C:\ProgramData\DockerDesktop\version-bin;C:\Users\POOJA\AppData\Local\Programs\Python\Python310\Scripts\;C:\Users\POOJA\AppData\Local\Programs\Python\Python310\;C:\Users\POOJA\AppData\Local\Microsoft\WindowsApps;C:\Users\POOJA\.dotnet\tools;C:\Users\POOJA\AppData\Local\Microsoft\WindowsApps;C:\Program Files\JetBrains\PyCharm Community Edition 2022.1.2\bin;;C:\Users\POOJA\AppData\Local\Programs\Microsoft VS Code\bin;C:\Program Files (x86)\Maven\apache-maven-3.8.6\bin;;C:\WINDOWS\System32;;."/>
    <property name="java.vm.info" value="mixed mode, sharing"/>
    <property name="stderr.encoding" value="Cp1252"/>
    <property name="java.vendor" value="Oracle Corporation"/>
    <property name="java.vm.version" value="19.0.1+10-21"/>
    <property name="sun.io.unicode.encoding" value="UnicodeLittle"/>
    <property name="java.class.version" value="63.0"/>
  </properties>
  <testcase name="LoginPageTitleTest" classname="com.qa.hubspot.tests.LoginPageTest" time="0.04">
    <system-out><![CDATA[LoginPage title is:CRMPRO - CRM software for customer relationship management, sales, and support.
]]></system-out>
    <system-err><![CDATA[SLF4J: Failed to load class "org.slf4j.impl.StaticLoggerBinder".
SLF4J: Defaulting to no-operation (NOP) logger implementation
SLF4J: See http://www.slf4j.org/codes.html#StaticLoggerBinder for further details.
ERROR StatusLogger Log4j2 could not find a logging implementation. Please add log4j-core to the classpath. Using SimpleLogger to log to the console...
Starting ChromeDriver 108.0.5359.71 (1e0e3868ee06e91ad636a874420e3ca3ae3756ac-refs/branch-heads/5359@{#1016}) on port 16493
Only local connections are allowed.
Please see https://chromedriver.chromium.org/security-considerations for suggestions on keeping ChromeDriver safe.
ChromeDriver was started successfully.
]]></system-err>
  </testcase>
  <testcase name="SignUpLinkTest" classname="com.qa.hubspot.tests.LoginPageTest" time="0.102">
    <system-err><![CDATA[Starting ChromeDriver 108.0.5359.71 (1e0e3868ee06e91ad636a874420e3ca3ae3756ac-refs/branch-heads/5359@{#1016}) on port 37510
Only local connections are allowed.
Please see https://chromedriver.chromium.org/security-considerations for suggestions on keeping ChromeDriver safe.
ChromeDriver was started successfully.
]]></system-err>
  </testcase>
  <testcase name="LoginTest" classname="com.qa.hubspot.tests.LoginPageTest" time="5.991">
    <system-err><![CDATA[Starting ChromeDriver 108.0.5359.71 (1e0e3868ee06e91ad636a874420e3ca3ae3756ac-refs/branch-heads/5359@{#1016}) on port 33702
Only local connections are allowed.
Please see https://chromedriver.chromium.org/security-considerations for suggestions on keeping ChromeDriver safe.
ChromeDriver was started successfully.
]]></system-err>
  </testcase>
  <testcase name="loggedInUserTest" classname="com.qa.hubspot.tests.HomePageTest" time="0.163">
    <system-out><![CDATA[Account username is :  User: Pooja Deshpande
]]></system-out>
    <system-err><![CDATA[Starting ChromeDriver 108.0.5359.71 (1e0e3868ee06e91ad636a874420e3ca3ae3756ac-refs/branch-heads/5359@{#1016}) on port 2420
Only local connections are allowed.
Please see https://chromedriver.chromium.org/security-considerations for suggestions on keeping ChromeDriver safe.
ChromeDriver was started successfully.
]]></system-err>
  </testcase>
  <testcase name="HomePageTitleTest" classname="com.qa.hubspot.tests.HomePageTest" time="0.012">
    <system-out><![CDATA[Home Page Title is:CRMPRO
]]></system-out>
    <system-err><![CDATA[Starting ChromeDriver 108.0.5359.71 (1e0e3868ee06e91ad636a874420e3ca3ae3756ac-refs/branch-heads/5359@{#1016}) on port 16405
Only local connections are allowed.
Please see https://chromedriver.chromium.org/security-considerations for suggestions on keeping ChromeDriver safe.
ChromeDriver was started successfully.
]]></system-err>
  </testcase>
  <testcase name="HomePageHeaderTest" classname="com.qa.hubspot.tests.HomePageTest" time="0.152">
    <system-out><![CDATA[Home Page Header Text is:CRMPRO
]]></system-out>
    <system-err><![CDATA[Starting ChromeDriver 108.0.5359.71 (1e0e3868ee06e91ad636a874420e3ca3ae3756ac-refs/branch-heads/5359@{#1016}) on port 13649
Only local connections are allowed.
Please see https://chromedriver.chromium.org/security-considerations for suggestions on keeping ChromeDriver safe.
ChromeDriver was started successfully.
]]></system-err>
  </testcase>
  <testcase name="contactsPageHeaderTest" classname="com.qa.hubspot.tests.ContactPageTest" time="0.045">
    <system-out><![CDATA[contacts page header is:Contact Information
]]></system-out>
    <system-err><![CDATA[Starting ChromeDriver 108.0.5359.71 (1e0e3868ee06e91ad636a874420e3ca3ae3756ac-refs/branch-heads/5359@{#1016}) on port 2452
Only local connections are allowed.
Please see https://chromedriver.chromium.org/security-considerations for suggestions on keeping ChromeDriver safe.
ChromeDriver was started successfully.
]]></system-err>
  </testcase>
  <testcase name="createNewContactTest[pooja, D, 9.887456712E9, Active, test@gmail.com](1)" classname="com.qa.hubspot.tests.ContactPageTest" time="2.404">
    <system-err><![CDATA[Starting ChromeDriver 108.0.5359.71 (1e0e3868ee06e91ad636a874420e3ca3ae3756ac-refs/branch-heads/5359@{#1016}) on port 47055
Only local connections are allowed.
Please see https://chromedriver.chromium.org/security-considerations for suggestions on keeping ChromeDriver safe.
ChromeDriver was started successfully.
]]></system-err>
  </testcase>
  <testcase name="createNewContactTest[Mohit , P, 9.012354678E9, Active, test1@gmail.com](2)" classname="com.qa.hubspot.tests.ContactPageTest" time="3.499">
    <system-err><![CDATA[Starting ChromeDriver 108.0.5359.71 (1e0e3868ee06e91ad636a874420e3ca3ae3756ac-refs/branch-heads/5359@{#1016}) on port 19719
Only local connections are allowed.
Please see https://chromedriver.chromium.org/security-considerations for suggestions on keeping ChromeDriver safe.
ChromeDriver was started successfully.
]]></system-err>
  </testcase>
  <testcase name="createNewContactTest[Akshay, D, 8.874561234E9, Active, test2@gmail.com](3)" classname="com.qa.hubspot.tests.ContactPageTest" time="2.148">
    <system-err><![CDATA[Starting ChromeDriver 108.0.5359.71 (1e0e3868ee06e91ad636a874420e3ca3ae3756ac-refs/branch-heads/5359@{#1016}) on port 20203
Only local connections are allowed.
Please see https://chromedriver.chromium.org/security-considerations for suggestions on keeping ChromeDriver safe.
ChromeDriver was started successfully.
]]></system-err>
  </testcase>
  <testcase name="createNewContactTest[Jayant, D, 8.012345675E9, Active, test3@gmail.com](4)" classname="com.qa.hubspot.tests.ContactPageTest" time="4.081">
    <system-err><![CDATA[Starting ChromeDriver 108.0.5359.71 (1e0e3868ee06e91ad636a874420e3ca3ae3756ac-refs/branch-heads/5359@{#1016}) on port 46653
Only local connections are allowed.
Please see https://chromedriver.chromium.org/security-considerations for suggestions on keeping ChromeDriver safe.
ChromeDriver was started successfully.
]]></system-err>
  </testcase>
</testsuite>