<?xml version="1.0" encoding="UTF-8"?>
<!-- Generated by org.testng.reporters.JUnitReportReporter -->
<testsuite hostname="LAPTOP-LGM3K7OE" failures="0" tests="5" name="com.qa.hubspot.tests.ContactPageTest" time="132.283" errors="0" timestamp="2022-12-17T22:59:44 IST" skipped="0">
  <testcase classname="com.qa.hubspot.tests.ContactPageTest" name="contactsPageHeaderTest" time="19.682"/>
  <system-out/>
  <testcase classname="com.qa.hubspot.tests.ContactPageTest" name="createNewContactTest" time="26.986"/>
  <system-out/>
  <testcase classname="com.qa.hubspot.tests.ContactPageTest" name="createNewContactTest" time="33.589"/>
  <system-out/>
  <testcase classname="com.qa.hubspot.tests.ContactPageTest" name="createNewContactTest" time="24.814"/>
  <system-out/>
  <testcase classname="com.qa.hubspot.tests.ContactPageTest" name="createNewContactTest" time="27.212"/>
  <system-out/>
</testsuite> <!-- com.qa.hubspot.tests.ContactPageTest -->
