<?xml version="1.0" encoding="UTF-8"?>
<!-- Generated by org.testng.reporters.JUnitReportReporter -->
<testsuite hostname="LAPTOP-LGM3K7OE" failures="0" tests="3" name="com.qa.hubspot.tests.HomePageTest" time="9.661" errors="0" timestamp="2023-02-01T12:42:00 IST" skipped="0">
  <testcase classname="com.qa.hubspot.tests.HomePageTest" name="loggedInUserTest" time="4.168"/>
  <system-out/>
  <testcase classname="com.qa.hubspot.tests.HomePageTest" name="HomePageTitleTest" time="2.460"/>
  <system-out/>
  <testcase classname="com.qa.hubspot.tests.HomePageTest" name="HomePageHeaderTest" time="3.033"/>
  <system-out/>
</testsuite> <!-- com.qa.hubspot.tests.HomePageTest -->
