<?xml version="1.0" encoding="UTF-8"?>
<!-- Generated by org.testng.reporters.JUnitReportReporter -->
<testsuite hostname="LAPTOP-LGM3K7OE" failures="0" tests="2" name="com.qa.hubspot.tests.LoginPageTest" time="5.785" errors="0" timestamp="2023-02-01T12:33:25 IST" skipped="0">
  <testcase classname="com.qa.hubspot.tests.LoginPageTest" name="LoginPageTitleTest" time="2.019"/>
  <system-out/>
  <testcase classname="com.qa.hubspot.tests.LoginPageTest" name="LoginTest" time="3.766"/>
  <system-out/>
</testsuite> <!-- com.qa.hubspot.tests.LoginPageTest -->
