<?xml version="1.0" encoding="UTF-8"?>
<!-- Generated by org.testng.reporters.JUnitReportReporter -->
<testsuite hostname="LAPTOP-LGM3K7OE" failures="0" tests="3" name="com.qa.hubspot.tests.LoginPageTest" time="32.074" errors="0" timestamp="2022-12-19T19:28:00 IST" skipped="0">
  <testcase classname="com.qa.hubspot.tests.LoginPageTest" name="LoginPageTitleTest" time="11.571"/>
  <system-out/>
  <testcase classname="com.qa.hubspot.tests.LoginPageTest" name="SignUpLinkTest" time="7.269"/>
  <system-out/>
  <testcase classname="com.qa.hubspot.tests.LoginPageTest" name="LoginTest" time="13.234"/>
  <system-out/>
</testsuite> <!-- com.qa.hubspot.tests.LoginPageTest -->
