<?xml version="1.0" encoding="UTF-8"?>
<!-- Generated by org.testng.reporters.JUnitReportReporter -->
<testsuite hostname="LAPTOP-LGM3K7OE" failures="0" tests="3" name="com.qa.hubspot.tests.HomePageTest" time="38.963" errors="0" timestamp="2022-12-19T19:28:00 IST" skipped="0">
  <testcase classname="com.qa.hubspot.tests.HomePageTest" name="loggedInUserTest" time="14.624"/>
  <system-out/>
  <testcase classname="com.qa.hubspot.tests.HomePageTest" name="HomePageTitleTest" time="12.442"/>
  <system-out/>
  <testcase classname="com.qa.hubspot.tests.HomePageTest" name="HomePageHeaderTest" time="11.897"/>
  <system-out/>
</testsuite> <!-- com.qa.hubspot.tests.HomePageTest -->
