<?xml version="1.0" encoding="UTF-8"?>
<!-- Generated by org.testng.reporters.JUnitReportReporter -->
<testsuite hostname="LAPTOP-LGM3K7OE" failures="0" tests="5" name="com.qa.hubspot.tests.ContactPageTest" time="82.853" errors="0" timestamp="2022-12-19T19:28:00 IST" skipped="0">
  <testcase classname="com.qa.hubspot.tests.ContactPageTest" name="contactsPageHeaderTest" time="13.889"/>
  <system-out/>
  <testcase classname="com.qa.hubspot.tests.ContactPageTest" name="createNewContactTest" time="18.380"/>
  <system-out/>
  <testcase classname="com.qa.hubspot.tests.ContactPageTest" name="createNewContactTest" time="18.038"/>
  <system-out/>
  <testcase classname="com.qa.hubspot.tests.ContactPageTest" name="createNewContactTest" time="16.098"/>
  <system-out/>
  <testcase classname="com.qa.hubspot.tests.ContactPageTest" name="createNewContactTest" time="16.448"/>
  <system-out/>
</testsuite> <!-- com.qa.hubspot.tests.ContactPageTest -->
